Using pre-set license
Built from '2020.3/staging' branch; Version is '2020.3.18f1 (a7d1c678663c) revision 10998214'; Using compiler version '192528614'; Build Type 'Release'
OS: 'Windows 10 Home Single Language; OS build 19042.1237; Version 2009; 64bit' Language: 'en' Physical Memory: 16262 MB
BatchMode: 1, IsHumanControllingUs: 0, StartBugReporterOnCrash: 0, Is64bit: 1, IsPro: 0

COMMAND LINE ARGUMENTS:
C:\Program Files\Unity\Hub\Editor\2020.3.18f1\Editor\Unity.exe
-adb2
-batchMode
-noUpm
-name
AssetImportWorker0
-projectPath
D:/Unity Projects/Game_Dev_Project
-logFile
Logs/AssetImportWorker0.log
-srvPort
55460
Successfully changed project path to: D:/Unity Projects/Game_Dev_Project
D:/Unity Projects/Game_Dev_Project
Using Asset Import Pipeline V2.
Refreshing native plugins compatible for Editor in 81.36 ms, found 2 plugins.
Preloading 0 native plugins for Editor in 0.00 ms.
Initialize engine version: 2020.3.18f1 (a7d1c678663c)
[Subsystems] Discovering subsystems at path C:/Program Files/Unity/Hub/Editor/2020.3.18f1/Editor/Data/Resources/UnitySubsystems
[Subsystems] Discovering subsystems at path D:/Unity Projects/Game_Dev_Project/Assets
GfxDevice: creating device client; threaded=0
Direct3D:
    Version:  Direct3D 11.0 [level 11.1]
    Renderer: Intel(R) HD Graphics 630 (ID=0x591b)
    Vendor:   
    VRAM:     8131 MB
    Driver:   24.20.100.6344
Shader 'Custom/RainShader': fallback shader 'Particles/Alpha Blended' not found
Initialize mono
Mono path[0] = 'C:/Program Files/Unity/Hub/Editor/2020.3.18f1/Editor/Data/Managed'
Mono path[1] = 'C:/Program Files/Unity/Hub/Editor/2020.3.18f1/Editor/Data/MonoBleedingEdge/lib/mono/unityjit'
Mono config path = 'C:/Program Files/Unity/Hub/Editor/2020.3.18f1/Editor/Data/MonoBleedingEdge/etc'
Using monoOptions --debugger-agent=transport=dt_socket,embedding=1,server=y,suspend=n,address=127.0.0.1:56692
Begin MonoManager ReloadAssembly
Registering precompiled unity dll's ...
Register platform support module: C:/Program Files/Unity/Hub/Editor/2020.3.18f1/Editor/Data/PlaybackEngines/WindowsStandaloneSupport/UnityEditor.WindowsStandalone.Extensions.dll
Registered in 0.005376 seconds.
Native extension for WindowsStandalone target not found
Refreshing native plugins compatible for Editor in 103.52 ms, found 2 plugins.
Preloading 0 native plugins for Editor in 0.00 ms.
Mono: successfully reloaded assembly
- Completed reload, in  5.380 seconds
Domain Reload Profiling:
	ReloadAssembly (5381ms)
		BeginReloadAssembly (168ms)
			ExecutionOrderSort (0ms)
			DisableScriptedObjects (0ms)
			BackupInstance (0ms)
			ReleaseScriptingObjects (0ms)
			CreateAndSetChildDomain (2ms)
		EndReloadAssembly (1223ms)
			LoadAssemblies (161ms)
			RebuildTransferFunctionScriptingTraits (0ms)
			SetupTypeCache (465ms)
			ReleaseScriptCaches (0ms)
			RebuildScriptCaches (103ms)
			SetupLoadedEditorAssemblies (458ms)
				LogAssemblyErrors (0ms)
				InitializePlatformSupportModulesInManaged (12ms)
				SetLoadedEditorAssemblies (1ms)
				RefreshPlugins (104ms)
				BeforeProcessingInitializeOnLoad (22ms)
				ProcessInitializeOnLoadAttributes (237ms)
				ProcessInitializeOnLoadMethodAttributes (82ms)
				AfterProcessingInitializeOnLoad (0ms)
				EditorAssembliesLoaded (1ms)
			ExecutionOrderSort2 (0ms)
			AwakeInstancesAfterBackupRestoration (0ms)
Platform modules already initialized, skipping
Registering precompiled user dll's ...
Registered in 0.005464 seconds.
Begin MonoManager ReloadAssembly
Native extension for WindowsStandalone target not found
Refreshing native plugins compatible for Editor in 0.68 ms, found 2 plugins.
Preloading 0 native plugins for Editor in 0.00 ms.
Mono: successfully reloaded assembly
- Completed reload, in  2.760 seconds
Domain Reload Profiling:
	ReloadAssembly (2762ms)
		BeginReloadAssembly (421ms)
			ExecutionOrderSort (0ms)
			DisableScriptedObjects (12ms)
			BackupInstance (0ms)
			ReleaseScriptingObjects (0ms)
			CreateAndSetChildDomain (44ms)
		EndReloadAssembly (2173ms)
			LoadAssemblies (240ms)
			RebuildTransferFunctionScriptingTraits (0ms)
			SetupTypeCache (728ms)
			ReleaseScriptCaches (1ms)
			RebuildScriptCaches (119ms)
			SetupLoadedEditorAssemblies (836ms)
				LogAssemblyErrors (0ms)
				InitializePlatformSupportModulesInManaged (13ms)
				SetLoadedEditorAssemblies (1ms)
				RefreshPlugins (1ms)
				BeforeProcessingInitializeOnLoad (146ms)
				ProcessInitializeOnLoadAttributes (642ms)
				ProcessInitializeOnLoadMethodAttributes (12ms)
				AfterProcessingInitializeOnLoad (20ms)
				EditorAssembliesLoaded (1ms)
			ExecutionOrderSort2 (0ms)
			AwakeInstancesAfterBackupRestoration (25ms)
Platform modules already initialized, skipping
========================================================================
Worker process is ready to serve import requests
Shader 'Custom/RainShader': fallback shader 'Particles/Alpha Blended' not found
Launched and connected shader compiler UnityShaderCompiler.exe after 0.17 seconds
Refreshing native plugins compatible for Editor in 0.65 ms, found 2 plugins.
Preloading 0 native plugins for Editor in 0.00 ms.
Unloading 1525 Unused Serialized files (Serialized files now loaded: 0)
System memory in use before: 69.8 MB.
System memory in use after: 69.9 MB.

Unloading 16 unused Assets to reduce memory usage. Loaded Objects now: 1961.
Total: 6.530400 ms (FindLiveObjects: 0.332700 ms CreateObjectMapping: 0.108100 ms MarkObjects: 5.906600 ms  DeleteObjects: 0.181000 ms)

AssetImportParameters requested are different than current active one (requested -> active):
  custom:framework-win-MediaFoundation: 216162199b28c13a410421893ffa2e32 -> 
  custom:video-decoder-ogg-theora: a1e56fd34408186e4bbccfd4996cb3dc -> 
  custom:container-muxer-webm: aa71ff27fc2769a1b78a27578f13a17b -> 
  custom:container-demuxer-webm: 4f35f7cbe854078d1ac9338744f61a02 -> 
  custom:container-demuxer-ogg: 62fdf1f143b41e24485cea50d1cbac27 -> 
  custom:video-encoder-webm-vp8: eb34c28f22e8b96e1ab97ce403110664 -> 
  custom:video-codec-MediaFoundation-h265: 746d11721c4dcdbdad8f713fa42b33f4 -> 
  custom:video-decoder-webm-vp8: 9c59270c3fd7afecdb556c50c9e8de78 -> 
  custom:audio-decoder-ogg-vorbis: bf7c407c2cedff20999df2af8eb42d56 -> 
  custom:audio-encoder-webm-vorbis: bf7c407c2cedff20999df2af8eb42d56 -> 
========================================================================
Received Import Request.
  path: Assets/Scenes/InterMission01.unity
  artifactKey: Guid(b8fea0b60904bc645b13cd891826f1e7) Importer(815301076,1909f56bfc062723c751e8b465ee728b)
Start importing Assets/Scenes/InterMission01.unity using Guid(b8fea0b60904bc645b13cd891826f1e7) Importer(815301076,1909f56bfc062723c751e8b465ee728b)  -> (artifact id: '73e230f2bcd0bb6ed02615041822e473') in 0.028470 seconds 
  Import took 0.032970 seconds .

========================================================================
Received Import Request.
  Time since last request: 0.007365 seconds.
  path: Assets/Scenes/InterMission01.unity
  artifactKey: Guid(b8fea0b60904bc645b13cd891826f1e7) Importer(815301076,1909f56bfc062723c751e8b465ee728b)
Start importing Assets/Scenes/InterMission01.unity using Guid(b8fea0b60904bc645b13cd891826f1e7) Importer(815301076,1909f56bfc062723c751e8b465ee728b)  -> (artifact id: '73e230f2bcd0bb6ed02615041822e473') in 0.006134 seconds 
  Import took 0.010415 seconds .

========================================================================
Received Import Request.
  Time since last request: 60.472179 seconds.
  path: Assets/Scenes/InterMission02.unity
  artifactKey: Guid(3721c9518a39c5643a27c5003de32220) Importer(815301076,1909f56bfc062723c751e8b465ee728b)
Start importing Assets/Scenes/InterMission02.unity using Guid(3721c9518a39c5643a27c5003de32220) Importer(815301076,1909f56bfc062723c751e8b465ee728b)  -> (artifact id: '37979324b5dec96f65899ad94ed1fb69') in 0.013884 seconds 
  Import took 0.020823 seconds .

========================================================================
Received Import Request.
  Time since last request: 1.154433 seconds.
  path: Assets/Scenes/InterMission03.unity
  artifactKey: Guid(ddad82a0a57b71547b875582e69be1da) Importer(815301076,1909f56bfc062723c751e8b465ee728b)
Start importing Assets/Scenes/InterMission03.unity using Guid(ddad82a0a57b71547b875582e69be1da) Importer(815301076,1909f56bfc062723c751e8b465ee728b)  -> (artifact id: '769e937cebe71e7d1875ae719e6c200b') in 0.012067 seconds 
  Import took 0.015161 seconds .

========================================================================
Received Import Request.
  Time since last request: 1.116813 seconds.
  path: Assets/Scenes/InterMission04.unity
  artifactKey: Guid(fcbd3d298cfa119449e725764853e09d) Importer(815301076,1909f56bfc062723c751e8b465ee728b)
Start importing Assets/Scenes/InterMission04.unity using Guid(fcbd3d298cfa119449e725764853e09d) Importer(815301076,1909f56bfc062723c751e8b465ee728b)  -> (artifact id: 'f8fe51fdfb23bb8ef7ff3f835160e7e5') in 0.010194 seconds 
  Import took 0.015501 seconds .

========================================================================
Received Import Request.
  Time since last request: 4.626718 seconds.
  path: Assets/Scenes/Level01.unity
  artifactKey: Guid(570aeb7157d650547b865c7eb98c3cc6) Importer(815301076,1909f56bfc062723c751e8b465ee728b)
Start importing Assets/Scenes/Level01.unity using Guid(570aeb7157d650547b865c7eb98c3cc6) Importer(815301076,1909f56bfc062723c751e8b465ee728b)  -> (artifact id: '9a4bdf0ee0a8655c36cb0d514f6569f1') in 0.009581 seconds 
  Import took 0.013631 seconds .

========================================================================
Received Import Request.
  Time since last request: 18.328824 seconds.
  path: Assets/Scenes/Level02.unity
  artifactKey: Guid(6b25de61f1161a544b0268bd5fb6c22d) Importer(815301076,1909f56bfc062723c751e8b465ee728b)
Start importing Assets/Scenes/Level02.unity using Guid(6b25de61f1161a544b0268bd5fb6c22d) Importer(815301076,1909f56bfc062723c751e8b465ee728b)  -> (artifact id: 'c75e574e81b22e072b68ec374d27119e') in 0.015732 seconds 
  Import took 0.021627 seconds .

========================================================================
Received Import Request.
  Time since last request: 0.006840 seconds.
  path: Assets/Scenes/Level02.unity
  artifactKey: Guid(6b25de61f1161a544b0268bd5fb6c22d) Importer(815301076,1909f56bfc062723c751e8b465ee728b)
Start importing Assets/Scenes/Level02.unity using Guid(6b25de61f1161a544b0268bd5fb6c22d) Importer(815301076,1909f56bfc062723c751e8b465ee728b)  -> (artifact id: 'c75e574e81b22e072b68ec374d27119e') in 0.003437 seconds 
  Import took 0.009047 seconds .

========================================================================
Received Import Request.
  Time since last request: 58.826291 seconds.
  path: Assets/Scenes/Level03.unity
  artifactKey: Guid(08442aae0a276ed499e344f69efecd9e) Importer(815301076,1909f56bfc062723c751e8b465ee728b)
Start importing Assets/Scenes/Level03.unity using Guid(08442aae0a276ed499e344f69efecd9e) Importer(815301076,1909f56bfc062723c751e8b465ee728b)  -> (artifact id: '8b164c5eeefcd9ceb1802b7dcc9cb867') in 0.014490 seconds 
  Import took 0.018481 seconds .

========================================================================
Received Import Request.
  Time since last request: 2.889704 seconds.
  path: Assets/Scenes/MainMenu.unity
  artifactKey: Guid(317b6a618bef0f54a92b5f1dc15c769b) Importer(815301076,1909f56bfc062723c751e8b465ee728b)
Start importing Assets/Scenes/MainMenu.unity using Guid(317b6a618bef0f54a92b5f1dc15c769b) Importer(815301076,1909f56bfc062723c751e8b465ee728b)  -> (artifact id: 'c71deecba31c5381f3a20de9b4fc38e5') in 0.009515 seconds 
  Import took 0.014205 seconds .

========================================================================
Received Import Request.
  Time since last request: 0.002643 seconds.
  path: Assets/Scenes/MainMenu.unity
  artifactKey: Guid(317b6a618bef0f54a92b5f1dc15c769b) Importer(815301076,1909f56bfc062723c751e8b465ee728b)
Start importing Assets/Scenes/MainMenu.unity using Guid(317b6a618bef0f54a92b5f1dc15c769b) Importer(815301076,1909f56bfc062723c751e8b465ee728b)  -> (artifact id: 'c71deecba31c5381f3a20de9b4fc38e5') in 0.002880 seconds 
  Import took 0.006680 seconds .

========================================================================
Received Import Request.
  Time since last request: 1.540956 seconds.
  path: Assets/Scenes/Retry_Level01.unity
  artifactKey: Guid(58dda40b1798a2948bd7a64633bd8ee7) Importer(815301076,1909f56bfc062723c751e8b465ee728b)
Start importing Assets/Scenes/Retry_Level01.unity using Guid(58dda40b1798a2948bd7a64633bd8ee7) Importer(815301076,1909f56bfc062723c751e8b465ee728b)  -> (artifact id: 'aa6527d5065a90d5c2a681ecc95e8c34') in 0.008912 seconds 
  Import took 0.012478 seconds .

========================================================================
Received Import Request.
  Time since last request: 1.546947 seconds.
  path: Assets/Scenes/Retry_Level02.unity
  artifactKey: Guid(11830c84b843bee458fdac3552ddb107) Importer(815301076,1909f56bfc062723c751e8b465ee728b)
Start importing Assets/Scenes/Retry_Level02.unity using Guid(11830c84b843bee458fdac3552ddb107) Importer(815301076,1909f56bfc062723c751e8b465ee728b)  -> (artifact id: 'e214cab8ff2658f32070aa2af0d4e7b8') in 0.008943 seconds 
  Import took 0.012428 seconds .

========================================================================
Received Import Request.
  Time since last request: 1.690268 seconds.
  path: Assets/Scenes/Retry_Level03.unity
  artifactKey: Guid(eebf1a90ba213c04e9e10bdedad05fa3) Importer(815301076,1909f56bfc062723c751e8b465ee728b)
Start importing Assets/Scenes/Retry_Level03.unity using Guid(eebf1a90ba213c04e9e10bdedad05fa3) Importer(815301076,1909f56bfc062723c751e8b465ee728b)  -> (artifact id: '83c12db24988665fab4ea531244b5081') in 0.008426 seconds 
  Import took 0.011947 seconds .

========================================================================
Received Import Request.
  Time since last request: 1.126158 seconds.
  path: Assets/Scenes/SampleScene.unity
  artifactKey: Guid(9fc0d4010bbf28b4594072e72b8655ab) Importer(815301076,1909f56bfc062723c751e8b465ee728b)
Start importing Assets/Scenes/SampleScene.unity using Guid(9fc0d4010bbf28b4594072e72b8655ab) Importer(815301076,1909f56bfc062723c751e8b465ee728b)  -> (artifact id: '85059f4f9e1a832ed95adaa0d25c5c4c') in 0.008108 seconds 
  Import took 0.011818 seconds .

========================================================================
Received Prepare
Registering precompiled user dll's ...
Registered in 0.007633 seconds.
Begin MonoManager ReloadAssembly
Native extension for WindowsStandalone target not found
Refreshing native plugins compatible for Editor in 0.69 ms, found 2 plugins.
Preloading 0 native plugins for Editor in 0.00 ms.
Mono: successfully reloaded assembly
- Completed reload, in  2.553 seconds
Domain Reload Profiling:
	ReloadAssembly (2554ms)
		BeginReloadAssembly (306ms)
			ExecutionOrderSort (0ms)
			DisableScriptedObjects (13ms)
			BackupInstance (0ms)
			ReleaseScriptingObjects (0ms)
			CreateAndSetChildDomain (89ms)
		EndReloadAssembly (2085ms)
			LoadAssemblies (247ms)
			RebuildTransferFunctionScriptingTraits (0ms)
			SetupTypeCache (695ms)
			ReleaseScriptCaches (1ms)
			RebuildScriptCaches (106ms)
			SetupLoadedEditorAssemblies (784ms)
				LogAssemblyErrors (0ms)
				InitializePlatformSupportModulesInManaged (13ms)
				SetLoadedEditorAssemblies (1ms)
				RefreshPlugins (1ms)
				BeforeProcessingInitializeOnLoad (121ms)
				ProcessInitializeOnLoadAttributes (608ms)
				ProcessInitializeOnLoadMethodAttributes (13ms)
				AfterProcessingInitializeOnLoad (26ms)
				EditorAssembliesLoaded (1ms)
			ExecutionOrderSort2 (0ms)
			AwakeInstancesAfterBackupRestoration (26ms)
Platform modules already initialized, skipping
Shader 'Custom/RainShader': fallback shader 'Particles/Alpha Blended' not found
Refreshing native plugins compatible for Editor in 0.70 ms, found 2 plugins.
Preloading 0 native plugins for Editor in 0.00 ms.
Unloading 1527 Unused Serialized files (Serialized files now loaded: 0)
System memory in use before: 71.3 MB.
System memory in use after: 70.9 MB.

Unloading 22 unused Assets to reduce memory usage. Loaded Objects now: 1963.
Total: 7.677700 ms (FindLiveObjects: 0.381000 ms CreateObjectMapping: 0.105400 ms MarkObjects: 6.118600 ms  DeleteObjects: 1.070100 ms)

AssetImportParameters requested are different than current active one (requested -> active):
  custom:framework-win-MediaFoundation: 216162199b28c13a410421893ffa2e32 -> 
  custom:video-decoder-ogg-theora: a1e56fd34408186e4bbccfd4996cb3dc -> 
  custom:container-muxer-webm: aa71ff27fc2769a1b78a27578f13a17b -> 
  custom:container-demuxer-webm: 4f35f7cbe854078d1ac9338744f61a02 -> 
  custom:container-demuxer-ogg: 62fdf1f143b41e24485cea50d1cbac27 -> 
  custom:video-encoder-webm-vp8: eb34c28f22e8b96e1ab97ce403110664 -> 
  custom:video-codec-MediaFoundation-h265: 746d11721c4dcdbdad8f713fa42b33f4 -> 
  custom:video-decoder-webm-vp8: 9c59270c3fd7afecdb556c50c9e8de78 -> 
  custom:audio-decoder-ogg-vorbis: bf7c407c2cedff20999df2af8eb42d56 -> 
  custom:audio-encoder-webm-vorbis: bf7c407c2cedff20999df2af8eb42d56 -> 
AssetImportWorkerClient::OnTransportError - code=2 error=End of file
